g:\.craftdium\craftdiuminstall\x64\debug\vc142.pdb
g:\.craftdium\craftdiuminstall\x64\debug\vc142.idb
g:\.craftdium\craftdiuminstall\x64\debug\main.obj
g:\.craftdium\craftdiuminstall\x64\debug\vcpkg.applocal.log
g:\.craftdium\x64\debug\libcurl-d.dll
g:\.craftdium\x64\debug\zlibd1.dll
g:\.craftdium\x64\debug\craftdiuminstall.ilk
g:\.craftdium\x64\debug\craftdiuminstall.exe
g:\.craftdium\x64\debug\craftdiuminstall.pdb
g:\.craftdium\craftdiuminstall\x64\debug\craftdiuminstall.res
g:\.craftdium\craftdiuminstall\x64\debug\craftdiuminstall.tlog\cl.command.1.tlog
g:\.craftdium\craftdiuminstall\x64\debug\craftdiuminstall.tlog\cl.read.1.tlog
g:\.craftdium\craftdiuminstall\x64\debug\craftdiuminstall.tlog\cl.write.1.tlog
g:\.craftdium\craftdiuminstall\x64\debug\craftdiuminstall.tlog\craftdiuminstall.write.1u.tlog
g:\.craftdium\craftdiuminstall\x64\debug\craftdiuminstall.tlog\link.command.1.tlog
g:\.craftdium\craftdiuminstall\x64\debug\craftdiuminstall.tlog\link.read.1.tlog
g:\.craftdium\craftdiuminstall\x64\debug\craftdiuminstall.tlog\link.write.1.tlog
g:\.craftdium\craftdiuminstall\x64\debug\craftdiuminstall.tlog\rc.command.1.tlog
g:\.craftdium\craftdiuminstall\x64\debug\craftdiuminstall.tlog\rc.read.1.tlog
g:\.craftdium\craftdiuminstall\x64\debug\craftdiuminstall.tlog\rc.write.1.tlog
